
*** Running vivado
    with args -log RAT_wrapper.vdi -applog -m64 -messageDb vivado.pb -mode batch -source RAT_wrapper.tcl -notrace


****** Vivado v2016.2 (64-bit)
  **** SW Build 1577090 on Thu Jun  2 16:32:40 MDT 2016
  **** IP Build 1577682 on Fri Jun  3 12:00:54 MDT 2016
    ** Copyright 1986-2016 Xilinx, Inc. All Rights Reserved.

source RAT_wrapper.tcl -notrace
Design is defaulting to srcset: sources_1
Design is defaulting to constrset: constrs_1
INFO: [Netlist 29-17] Analyzing 193 Unisim elements for replacement
INFO: [Netlist 29-28] Unisim Transformation completed in 0 CPU seconds
INFO: [Project 1-479] Netlist was created with Vivado 2016.2
INFO: [Device 21-403] Loading part xc7a35tcpg236-1
INFO: [Project 1-570] Preparing netlist for logic optimization
Parsing XDC File [C:/Users/Michael/Desktop/RAT_MCU_Final_Master_Hardware_w_RNG/RAT_MCU_Final_Master_Hardware_w_RNG.srcs/constrs_1/imports/ETCHASKETCH_BASYS3_F2015/Basys3_Master.xdc]
Finished Parsing XDC File [C:/Users/Michael/Desktop/RAT_MCU_Final_Master_Hardware_w_RNG/RAT_MCU_Final_Master_Hardware_w_RNG.srcs/constrs_1/imports/ETCHASKETCH_BASYS3_F2015/Basys3_Master.xdc]
INFO: [Opt 31-138] Pushed 0 inverter(s) to 0 load pin(s).
INFO: [Project 1-111] Unisim Transformation Summary:
  A total of 146 instances were transformed.
  RAM128X1D => RAM128X1D (RAMD64E, RAMD64E, MUXF7, MUXF7, RAMD64E, RAMD64E): 128 instances
  RAM256X1S => RAM256X1S (MUXF7, MUXF7, MUXF8, RAMS64E, RAMS64E, RAMS64E, RAMS64E): 10 instances
  RAM32X1D => RAM32X1D (RAMD32, RAMD32): 8 instances

INFO: [Vivado_Tcl 4-424] Cannot write hardware definition file as there are no IPI block design hardware handoff files present
Command: opt_design
Attempting to get a license for feature 'Implementation' and/or device 'xc7a35t'
INFO: [Common 17-349] Got license for feature 'Implementation' and/or device 'xc7a35t'
Running DRC as a precondition to command opt_design

Starting DRC Task
INFO: [DRC 23-27] Running DRC with 2 threads
INFO: [Project 1-461] DRC finished with 0 Errors
INFO: [Project 1-462] Please refer to the DRC report (report_drc) for more information.

Time (s): cpu = 00:00:00 ; elapsed = 00:00:00.078 . Memory (MB): peak = 453.754 ; gain = 4.430
INFO: [Timing 38-35] Done setting XDC timing constraints.

Starting Logic Optimization Task
Implement Debug Cores | Checksum: 1b1c12855

Phase 1 Retarget
INFO: [Opt 31-138] Pushed 0 inverter(s) to 0 load pin(s).
INFO: [Opt 31-49] Retargeted 0 cell(s).
Phase 1 Retarget | Checksum: 10b03aaf1

Time (s): cpu = 00:00:00 ; elapsed = 00:00:00.266 . Memory (MB): peak = 925.438 ; gain = 0.000

Phase 2 Constant Propagation
INFO: [Opt 31-138] Pushed 0 inverter(s) to 0 load pin(s).
INFO: [Opt 31-10] Eliminated 2 cells.
Phase 2 Constant Propagation | Checksum: 19a1f6dc4

Time (s): cpu = 00:00:00 ; elapsed = 00:00:00.297 . Memory (MB): peak = 925.438 ; gain = 0.000

Phase 3 Sweep
INFO: [Opt 31-12] Eliminated 92 unconnected nets.
INFO: [Opt 31-11] Eliminated 0 unconnected cells.
Phase 3 Sweep | Checksum: 24c526d5b

Time (s): cpu = 00:00:00 ; elapsed = 00:00:00.344 . Memory (MB): peak = 925.438 ; gain = 0.000

Starting Connectivity Check Task

Time (s): cpu = 00:00:00 ; elapsed = 00:00:00 . Memory (MB): peak = 925.438 ; gain = 0.000
Ending Logic Optimization Task | Checksum: 24c526d5b

Time (s): cpu = 00:00:00 ; elapsed = 00:00:00.359 . Memory (MB): peak = 925.438 ; gain = 0.000

Starting Power Optimization Task
INFO: [Pwropt 34-132] Skipping clock gating for clocks with a period < 2.00 ns.
INFO: [Pwropt 34-9] Applying IDT optimizations ...
INFO: [Pwropt 34-10] Applying ODC optimizations ...
INFO: [Timing 38-35] Done setting XDC timing constraints.
Running Vector-less Activity Propagation...

Finished Running Vector-less Activity Propagation


Starting PowerOpt Patch Enables Task
INFO: [Pwropt 34-162] WRITE_MODE attribute of 0 BRAM(s) out of a total of 1 has been updated to save power. Run report_power_opt to get a complete listing of the BRAMs updated.
INFO: [Pwropt 34-201] Structural ODC has moved 0 WE to EN ports
Number of BRAM Ports augmented: 0 newly gated: 1 Total Ports: 2
Number of Flops added for Enable Generation: 2

Ending PowerOpt Patch Enables Task | Checksum: 214ac49d4

Time (s): cpu = 00:00:00 ; elapsed = 00:00:00.016 . Memory (MB): peak = 1108.148 ; gain = 0.000
Ending Power Optimization Task | Checksum: 214ac49d4

Time (s): cpu = 00:00:02 ; elapsed = 00:00:00.719 . Memory (MB): peak = 1108.148 ; gain = 182.711
INFO: [Common 17-83] Releasing license: Implementation
26 Infos, 0 Warnings, 0 Critical Warnings and 0 Errors encountered.
opt_design completed successfully
opt_design: Time (s): cpu = 00:00:11 ; elapsed = 00:00:10 . Memory (MB): peak = 1108.148 ; gain = 658.824
Writing placer database...
Writing XDEF routing.
Writing XDEF routing logical nets.
Writing XDEF routing special nets.
Write XDEF Complete: Time (s): cpu = 00:00:00 ; elapsed = 00:00:00.047 . Memory (MB): peak = 1108.148 ; gain = 0.000
INFO: [DRC 23-27] Running DRC with 2 threads
INFO: [Coretcl 2-168] The results of DRC are in file C:/Users/Michael/Desktop/RAT_MCU_Final_Master_Hardware_w_RNG/RAT_MCU_Final_Master_Hardware_w_RNG.runs/impl_1/RAT_wrapper_drc_opted.rpt.
INFO: [Chipscope 16-241] No debug cores found in the current design.
Before running the implement_debug_core command, either use the Set Up Debug wizard (GUI mode)
or use the create_debug_core and connect_debug_core Tcl commands to insert debug cores into the design.
Command: place_design
Attempting to get a license for feature 'Implementation' and/or device 'xc7a35t'
INFO: [Common 17-349] Got license for feature 'Implementation' and/or device 'xc7a35t'
INFO: [DRC 23-27] Running DRC with 2 threads
INFO: [Vivado_Tcl 4-198] DRC finished with 0 Errors
INFO: [Vivado_Tcl 4-199] Please refer to the DRC report (report_drc) for more information.
Running DRC as a precondition to command place_design
INFO: [DRC 23-27] Running DRC with 2 threads
INFO: [Vivado_Tcl 4-198] DRC finished with 0 Errors
INFO: [Vivado_Tcl 4-199] Please refer to the DRC report (report_drc) for more information.

Starting Placer Task
INFO: [Place 30-611] Multithreading enabled for place_design using a maximum of 2 CPUs

Phase 1 Placer Initialization
Netlist sorting complete. Time (s): cpu = 00:00:00 ; elapsed = 00:00:00.016 . Memory (MB): peak = 1108.148 ; gain = 0.000
INFO: [Timing 38-35] Done setting XDC timing constraints.
INFO: [Opt 31-138] Pushed 0 inverter(s) to 0 load pin(s).
Netlist sorting complete. Time (s): cpu = 00:00:00 ; elapsed = 00:00:00 . Memory (MB): peak = 1108.148 ; gain = 0.000

Phase 1.1 IO Placement/ Clock Placement/ Build Placer Device

Phase 1.1.1 ParallelPlaceIOClockAndInitTop

Phase 1.1.1.1 Pre-Place Cells
Phase 1.1.1.1 Pre-Place Cells | Checksum: ab1486d2

Time (s): cpu = 00:00:00 ; elapsed = 00:00:00.156 . Memory (MB): peak = 1108.148 ; gain = 0.000

Phase 1.1.1.2 Constructing HAPIClkRuleMgr
Phase 1.1.1.2 Constructing HAPIClkRuleMgr | Checksum: ab1486d2

Time (s): cpu = 00:00:00 ; elapsed = 00:00:00.172 . Memory (MB): peak = 1108.148 ; gain = 0.000
INFO: [Timing 38-35] Done setting XDC timing constraints.

Phase 1.1.1.3 IO and Clk Clean Up

Phase 1.1.1.3.1 Constructing HAPIClkRuleMgr
Phase 1.1.1.3.1 Constructing HAPIClkRuleMgr | Checksum: ab1486d2

Time (s): cpu = 00:00:01 ; elapsed = 00:00:00.828 . Memory (MB): peak = 1108.148 ; gain = 0.000
Phase 1.1.1.3 IO and Clk Clean Up | Checksum: ab1486d2

Time (s): cpu = 00:00:01 ; elapsed = 00:00:00.828 . Memory (MB): peak = 1108.148 ; gain = 0.000

Phase 1.1.1.4 Implementation Feasibility check On IDelay
Phase 1.1.1.4 Implementation Feasibility check On IDelay | Checksum: ab1486d2

Time (s): cpu = 00:00:01 ; elapsed = 00:00:00.828 . Memory (MB): peak = 1108.148 ; gain = 0.000

Phase 1.1.1.5 Commit IO Placement
Phase 1.1.1.5 Commit IO Placement | Checksum: 5e5b0e39

Time (s): cpu = 00:00:01 ; elapsed = 00:00:00.828 . Memory (MB): peak = 1108.148 ; gain = 0.000
Phase 1.1.1 ParallelPlaceIOClockAndInitTop | Checksum: 5e5b0e39

Time (s): cpu = 00:00:01 ; elapsed = 00:00:00.844 . Memory (MB): peak = 1108.148 ; gain = 0.000
Phase 1.1 IO Placement/ Clock Placement/ Build Placer Device | Checksum: a00c5460

Time (s): cpu = 00:00:01 ; elapsed = 00:00:00.844 . Memory (MB): peak = 1108.148 ; gain = 0.000

Phase 1.2 Build Placer Netlist Model

Phase 1.2.1 Place Init Design

Phase 1.2.1.1 Make Others
Phase 1.2.1.1 Make Others | Checksum: 1272fb901

Time (s): cpu = 00:00:01 ; elapsed = 00:00:00.953 . Memory (MB): peak = 1108.148 ; gain = 0.000

Phase 1.2.1.2 Init Lut Pin Assignment
Phase 1.2.1.2 Init Lut Pin Assignment | Checksum: 1272fb901

Time (s): cpu = 00:00:01 ; elapsed = 00:00:00.984 . Memory (MB): peak = 1108.148 ; gain = 0.000
Phase 1.2.1 Place Init Design | Checksum: 18b82ce97

Time (s): cpu = 00:00:02 ; elapsed = 00:00:02 . Memory (MB): peak = 1108.148 ; gain = 0.000
Phase 1.2 Build Placer Netlist Model | Checksum: 18b82ce97

Time (s): cpu = 00:00:02 ; elapsed = 00:00:02 . Memory (MB): peak = 1108.148 ; gain = 0.000

Phase 1.3 Constrain Clocks/Macros
Phase 1.3 Constrain Clocks/Macros | Checksum: 18b82ce97

Time (s): cpu = 00:00:02 ; elapsed = 00:00:02 . Memory (MB): peak = 1108.148 ; gain = 0.000
Phase 1 Placer Initialization | Checksum: 18b82ce97

Time (s): cpu = 00:00:02 ; elapsed = 00:00:02 . Memory (MB): peak = 1108.148 ; gain = 0.000

Phase 2 Global Placement
Phase 2 Global Placement | Checksum: 5cd32eec

Time (s): cpu = 00:00:03 ; elapsed = 00:00:02 . Memory (MB): peak = 1108.148 ; gain = 0.000

Phase 3 Detail Placement

Phase 3.1 Commit Multi Column Macros
Phase 3.1 Commit Multi Column Macros | Checksum: 5cd32eec

Time (s): cpu = 00:00:03 ; elapsed = 00:00:02 . Memory (MB): peak = 1108.148 ; gain = 0.000

Phase 3.2 Commit Most Macros & LUTRAMs
Phase 3.2 Commit Most Macros & LUTRAMs | Checksum: 1b4571b79

Time (s): cpu = 00:00:03 ; elapsed = 00:00:02 . Memory (MB): peak = 1108.148 ; gain = 0.000

Phase 3.3 Area Swap Optimization
Phase 3.3 Area Swap Optimization | Checksum: 14815c9a1

Time (s): cpu = 00:00:03 ; elapsed = 00:00:03 . Memory (MB): peak = 1108.148 ; gain = 0.000

Phase 3.4 updateClock Trees: DP
Phase 3.4 updateClock Trees: DP | Checksum: 14815c9a1

Time (s): cpu = 00:00:03 ; elapsed = 00:00:03 . Memory (MB): peak = 1108.148 ; gain = 0.000

Phase 3.5 Timing Path Optimizer
Phase 3.5 Timing Path Optimizer | Checksum: 198e3c956

Time (s): cpu = 00:00:03 ; elapsed = 00:00:03 . Memory (MB): peak = 1108.148 ; gain = 0.000

Phase 3.6 Fast Optimization
Phase 3.6 Fast Optimization | Checksum: 198e3c956

Time (s): cpu = 00:00:03 ; elapsed = 00:00:03 . Memory (MB): peak = 1108.148 ; gain = 0.000

Phase 3.7 Small Shape Detail Placement
Phase 3.7 Small Shape Detail Placement | Checksum: 122a261da

Time (s): cpu = 00:00:03 ; elapsed = 00:00:03 . Memory (MB): peak = 1108.148 ; gain = 0.000

Phase 3.8 Re-assign LUT pins
Phase 3.8 Re-assign LUT pins | Checksum: 12f800514

Time (s): cpu = 00:00:04 ; elapsed = 00:00:03 . Memory (MB): peak = 1108.148 ; gain = 0.000

Phase 3.9 Pipeline Register Optimization
Phase 3.9 Pipeline Register Optimization | Checksum: 12f800514

Time (s): cpu = 00:00:04 ; elapsed = 00:00:03 . Memory (MB): peak = 1108.148 ; gain = 0.000

Phase 3.10 Fast Optimization
Phase 3.10 Fast Optimization | Checksum: 12f800514

Time (s): cpu = 00:00:04 ; elapsed = 00:00:03 . Memory (MB): peak = 1108.148 ; gain = 0.000
Phase 3 Detail Placement | Checksum: 12f800514

Time (s): cpu = 00:00:04 ; elapsed = 00:00:03 . Memory (MB): peak = 1108.148 ; gain = 0.000

Phase 4 Post Placement Optimization and Clean-Up

Phase 4.1 Post Commit Optimization
INFO: [Timing 38-35] Done setting XDC timing constraints.

Phase 4.1.1 updateClock Trees: PCOPT
Phase 4.1.1 updateClock Trees: PCOPT | Checksum: aa6b37c7

Time (s): cpu = 00:00:05 ; elapsed = 00:00:04 . Memory (MB): peak = 1108.148 ; gain = 0.000

Phase 4.1.2 Post Placement Optimization
INFO: [Place 30-746] Post Placement Timing Summary WNS=5.801. For the most accurate timing information please run report_timing.
Phase 4.1.2 Post Placement Optimization | Checksum: 1ac33eccf

Time (s): cpu = 00:00:05 ; elapsed = 00:00:04 . Memory (MB): peak = 1108.148 ; gain = 0.000
Phase 4.1 Post Commit Optimization | Checksum: 1ac33eccf

Time (s): cpu = 00:00:05 ; elapsed = 00:00:04 . Memory (MB): peak = 1108.148 ; gain = 0.000

Phase 4.2 Sweep Clock Roots: Post-Placement
Phase 4.2 Sweep Clock Roots: Post-Placement | Checksum: 1ac33eccf

Time (s): cpu = 00:00:05 ; elapsed = 00:00:04 . Memory (MB): peak = 1108.148 ; gain = 0.000

Phase 4.3 Uram Pipeline Register Optimization
Phase 4.3 Uram Pipeline Register Optimization | Checksum: 1ac33eccf

Time (s): cpu = 00:00:05 ; elapsed = 00:00:04 . Memory (MB): peak = 1108.148 ; gain = 0.000

Phase 4.4 Post Placement Cleanup
Phase 4.4 Post Placement Cleanup | Checksum: 1ac33eccf

Time (s): cpu = 00:00:05 ; elapsed = 00:00:04 . Memory (MB): peak = 1108.148 ; gain = 0.000

Phase 4.5 Placer Reporting
Phase 4.5 Placer Reporting | Checksum: 1ac33eccf

Time (s): cpu = 00:00:05 ; elapsed = 00:00:04 . Memory (MB): peak = 1108.148 ; gain = 0.000

Phase 4.6 Final Placement Cleanup
Phase 4.6 Final Placement Cleanup | Checksum: e38c0ba5

Time (s): cpu = 00:00:05 ; elapsed = 00:00:04 . Memory (MB): peak = 1108.148 ; gain = 0.000
Phase 4 Post Placement Optimization and Clean-Up | Checksum: e38c0ba5

Time (s): cpu = 00:00:05 ; elapsed = 00:00:04 . Memory (MB): peak = 1108.148 ; gain = 0.000
Ending Placer Task | Checksum: 45eada34

Time (s): cpu = 00:00:05 ; elapsed = 00:00:04 . Memory (MB): peak = 1108.148 ; gain = 0.000
INFO: [Common 17-83] Releasing license: Implementation
43 Infos, 0 Warnings, 0 Critical Warnings and 0 Errors encountered.
place_design completed successfully
Writing placer database...
Writing XDEF routing.
Writing XDEF routing logical nets.
Writing XDEF routing special nets.
Write XDEF Complete: Time (s): cpu = 00:00:00 ; elapsed = 00:00:00.172 . Memory (MB): peak = 1108.148 ; gain = 0.000
report_io: Time (s): cpu = 00:00:00 ; elapsed = 00:00:00.031 . Memory (MB): peak = 1108.148 ; gain = 0.000
report_utilization: Time (s): cpu = 00:00:00 ; elapsed = 00:00:00.031 . Memory (MB): peak = 1108.148 ; gain = 0.000
report_control_sets: Time (s): cpu = 00:00:00 ; elapsed = 00:00:00.016 . Memory (MB): peak = 1108.148 ; gain = 0.000
Command: route_design
Attempting to get a license for feature 'Implementation' and/or device 'xc7a35t'
INFO: [Common 17-349] Got license for feature 'Implementation' and/or device 'xc7a35t'
Running DRC as a precondition to command route_design
INFO: [DRC 23-27] Running DRC with 2 threads
INFO: [Vivado_Tcl 4-198] DRC finished with 0 Errors
INFO: [Vivado_Tcl 4-199] Please refer to the DRC report (report_drc) for more information.


Starting Routing Task
INFO: [Route 35-254] Multithreading enabled for route_design using a maximum of 2 CPUs
Checksum: PlaceDB: 23014a82 ConstDB: 0 ShapeSum: 22e98fb2 RouteDB: 0

Phase 1 Build RT Design
Phase 1 Build RT Design | Checksum: fd3f6453

Time (s): cpu = 00:00:21 ; elapsed = 00:00:19 . Memory (MB): peak = 1108.148 ; gain = 0.000

Phase 2 Router Initialization

Phase 2.1 Create Timer
Phase 2.1 Create Timer | Checksum: fd3f6453

Time (s): cpu = 00:00:21 ; elapsed = 00:00:19 . Memory (MB): peak = 1108.148 ; gain = 0.000

Phase 2.2 Fix Topology Constraints
Phase 2.2 Fix Topology Constraints | Checksum: fd3f6453

Time (s): cpu = 00:00:21 ; elapsed = 00:00:19 . Memory (MB): peak = 1108.148 ; gain = 0.000

Phase 2.3 Pre Route Cleanup
Phase 2.3 Pre Route Cleanup | Checksum: fd3f6453

Time (s): cpu = 00:00:21 ; elapsed = 00:00:19 . Memory (MB): peak = 1108.148 ; gain = 0.000
 Number of Nodes with overlaps = 0

Phase 2.4 Update Timing
Phase 2.4 Update Timing | Checksum: 112d79d68

Time (s): cpu = 00:00:23 ; elapsed = 00:00:20 . Memory (MB): peak = 1108.148 ; gain = 0.000
INFO: [Route 35-416] Intermediate Timing Summary | WNS=5.798  | TNS=0.000  | WHS=-0.066 | THS=-0.066 |

Phase 2 Router Initialization | Checksum: 81f67201

Time (s): cpu = 00:00:23 ; elapsed = 00:00:20 . Memory (MB): peak = 1108.148 ; gain = 0.000

Phase 3 Initial Routing
Phase 3 Initial Routing | Checksum: 18facd043

Time (s): cpu = 00:00:23 ; elapsed = 00:00:21 . Memory (MB): peak = 1108.148 ; gain = 0.000

Phase 4 Rip-up And Reroute

Phase 4.1 Global Iteration 0
 Number of Nodes with overlaps = 114
 Number of Nodes with overlaps = 0

Phase 4.1.1 Update Timing
Phase 4.1.1 Update Timing | Checksum: 17ba09403

Time (s): cpu = 00:00:24 ; elapsed = 00:00:21 . Memory (MB): peak = 1108.148 ; gain = 0.000
INFO: [Route 35-416] Intermediate Timing Summary | WNS=5.519  | TNS=0.000  | WHS=N/A    | THS=N/A    |

Phase 4.1 Global Iteration 0 | Checksum: 17ba09403

Time (s): cpu = 00:00:24 ; elapsed = 00:00:21 . Memory (MB): peak = 1108.148 ; gain = 0.000
Phase 4 Rip-up And Reroute | Checksum: 17ba09403

Time (s): cpu = 00:00:24 ; elapsed = 00:00:21 . Memory (MB): peak = 1108.148 ; gain = 0.000

Phase 5 Delay and Skew Optimization

Phase 5.1 Delay CleanUp

Phase 5.1.1 Update Timing
Phase 5.1.1 Update Timing | Checksum: 15aa70dff

Time (s): cpu = 00:00:24 ; elapsed = 00:00:21 . Memory (MB): peak = 1108.148 ; gain = 0.000
INFO: [Route 35-416] Intermediate Timing Summary | WNS=5.613  | TNS=0.000  | WHS=N/A    | THS=N/A    |

Phase 5.1 Delay CleanUp | Checksum: 15aa70dff

Time (s): cpu = 00:00:24 ; elapsed = 00:00:21 . Memory (MB): peak = 1108.148 ; gain = 0.000

Phase 5.2 Clock Skew Optimization
Phase 5.2 Clock Skew Optimization | Checksum: 15aa70dff

Time (s): cpu = 00:00:24 ; elapsed = 00:00:21 . Memory (MB): peak = 1108.148 ; gain = 0.000
Phase 5 Delay and Skew Optimization | Checksum: 15aa70dff

Time (s): cpu = 00:00:24 ; elapsed = 00:00:21 . Memory (MB): peak = 1108.148 ; gain = 0.000

Phase 6 Post Hold Fix

Phase 6.1 Hold Fix Iter

Phase 6.1.1 Update Timing
Phase 6.1.1 Update Timing | Checksum: 123bedd83

Time (s): cpu = 00:00:24 ; elapsed = 00:00:21 . Memory (MB): peak = 1108.148 ; gain = 0.000
INFO: [Route 35-416] Intermediate Timing Summary | WNS=5.613  | TNS=0.000  | WHS=0.232  | THS=0.000  |

Phase 6.1 Hold Fix Iter | Checksum: 123bedd83

Time (s): cpu = 00:00:24 ; elapsed = 00:00:21 . Memory (MB): peak = 1108.148 ; gain = 0.000
Phase 6 Post Hold Fix | Checksum: 123bedd83

Time (s): cpu = 00:00:24 ; elapsed = 00:00:21 . Memory (MB): peak = 1108.148 ; gain = 0.000

Phase 7 Route finalize

Router Utilization Summary
  Global Vertical Routing Utilization    = 0.495814 %
  Global Horizontal Routing Utilization  = 0.547762 %
  Routable Net Status*
  *Does not include unroutable nets such as driverless and loadless.
  Run report_route_status for detailed report.
  Number of Failed Nets               = 0
  Number of Unrouted Nets             = 0
  Number of Partially Routed Nets     = 0
  Number of Node Overlaps             = 0

Phase 7 Route finalize | Checksum: 123bedd83

Time (s): cpu = 00:00:25 ; elapsed = 00:00:21 . Memory (MB): peak = 1108.148 ; gain = 0.000

Phase 8 Verifying routed nets

 Verification completed successfully
Phase 8 Verifying routed nets | Checksum: 123bedd83

Time (s): cpu = 00:00:25 ; elapsed = 00:00:21 . Memory (MB): peak = 1108.148 ; gain = 0.000

Phase 9 Depositing Routes
Phase 9 Depositing Routes | Checksum: d387a350

Time (s): cpu = 00:00:25 ; elapsed = 00:00:21 . Memory (MB): peak = 1108.148 ; gain = 0.000

Phase 10 Post Router Timing
INFO: [Route 35-57] Estimated Timing Summary | WNS=5.613  | TNS=0.000  | WHS=0.232  | THS=0.000  |

INFO: [Route 35-327] The final timing numbers are based on the router estimated timing analysis. For a complete and accurate timing signoff, please run report_timing_summary.
Phase 10 Post Router Timing | Checksum: d387a350

Time (s): cpu = 00:00:25 ; elapsed = 00:00:21 . Memory (MB): peak = 1108.148 ; gain = 0.000
INFO: [Route 35-16] Router Completed Successfully

Time (s): cpu = 00:00:25 ; elapsed = 00:00:21 . Memory (MB): peak = 1108.148 ; gain = 0.000

Routing Is Done.
INFO: [Common 17-83] Releasing license: Implementation
56 Infos, 0 Warnings, 0 Critical Warnings and 0 Errors encountered.
route_design completed successfully
route_design: Time (s): cpu = 00:00:26 ; elapsed = 00:00:22 . Memory (MB): peak = 1108.148 ; gain = 0.000
Writing placer database...
Writing XDEF routing.
Writing XDEF routing logical nets.
Writing XDEF routing special nets.
Write XDEF Complete: Time (s): cpu = 00:00:00 ; elapsed = 00:00:00.219 . Memory (MB): peak = 1108.148 ; gain = 0.000
INFO: [DRC 23-27] Running DRC with 2 threads
INFO: [Coretcl 2-168] The results of DRC are in file C:/Users/Michael/Desktop/RAT_MCU_Final_Master_Hardware_w_RNG/RAT_MCU_Final_Master_Hardware_w_RNG.runs/impl_1/RAT_wrapper_drc_routed.rpt.
INFO: [Timing 38-91] UpdateTimingParams: Speed grade: -1, Delay Type: min_max.
INFO: [Timing 38-191] Multithreading enabled for timing update using a maximum of 2 CPUs
Running Vector-less Activity Propagation...

Finished Running Vector-less Activity Propagation
Attempting to get a license for feature 'Implementation' and/or device 'xc7a35t'
INFO: [Common 17-349] Got license for feature 'Implementation' and/or device 'xc7a35t'
Running DRC as a precondition to command write_bitstream
INFO: [DRC 23-27] Running DRC with 2 threads
WARNING: [DRC 23-20] Rule violation (CFGBVS-3) CONFIG_VOLTAGE Design Property - The CONFIG_VOLTAGE property is not set for current_design. To indicate what the configuration bank VCCO will be, the CONFIG_VOLTAGE property must be set to 1.5, 1.8, 2.5, or 3.3.  Refer to device configuration user guide for more information.
INFO: [Vivado 12-3199] DRC finished with 0 Errors, 1 Warnings
INFO: [Vivado 12-3200] Please refer to the DRC report (report_drc) for more information.
INFO: [Designutils 20-2272] Running write_bitstream with 2 threads.
Loading data files...
Loading site data...
Loading route data...
Processing options...
Creating bitmap...
Creating bitstream...
Writing bitstream ./RAT_wrapper.bit...
INFO: [Vivado 12-1842] Bitgen Completed Successfully.
INFO: [Project 1-120] WebTalk data collection is mandatory when using a WebPACK part without a full Vivado license. To see the specific WebTalk data collected for your design, open the usage_statistics_webtalk.html or usage_statistics_webtalk.xml file in the implementation directory.
INFO: [Common 17-186] 'C:/Users/Michael/Desktop/RAT_MCU_Final_Master_Hardware_w_RNG/RAT_MCU_Final_Master_Hardware_w_RNG.runs/impl_1/usage_statistics_webtalk.xml' has been successfully sent to Xilinx on Fri Mar 17 21:13:20 2017. For additional details about this file, please refer to the WebTalk help file at C:/Xilinx/Vivado/2016.2/doc/webtalk_introduction.html.
INFO: [Common 17-83] Releasing license: Implementation
write_bitstream: Time (s): cpu = 00:00:13 ; elapsed = 00:00:13 . Memory (MB): peak = 1389.938 ; gain = 281.789
INFO: [Vivado_Tcl 4-395] Unable to parse hwdef file RAT_wrapper.hwdef
INFO: [Common 17-206] Exiting Vivado at Fri Mar 17 21:13:20 2017...
